<?xml version="1.0" encoding="UTF-8"?>
<testsuite name="com.playwith.play.PlayApplicationTests" tests="1" skipped="0" failures="0" errors="0" timestamp="2024-01-09T03:16:23" hostname="A-22" time="1.934">
  <properties/>
  <testcase name="기본 데이터 생성" classname="com.playwith.play.PlayApplicationTests" time="1.934"/>
  <system-out><![CDATA[12:16:19.157 [Test worker] INFO org.springframework.test.context.support.AnnotationConfigContextLoaderUtils -- Could not detect default configuration classes for test class [com.playwith.play.PlayApplicationTests]: PlayApplicationTests does not declare any static, non-private, non-final, nested classes annotated with @Configuration.
12:16:19.243 [Test worker] INFO org.springframework.boot.test.context.SpringBootTestContextBootstrapper -- Found @SpringBootConfiguration com.playwith.play.PlayApplication for test class com.playwith.play.PlayApplicationTests

  .   ____          _            __ _ _
 /\\ / ___'_ __ _ _(_)_ __  __ _ \ \ \ \
( ( )\___ | '_ | '_| | '_ \/ _` | \ \ \ \
 \\/  ___)| |_)| | | | | || (_| |  ) ) ) )
  '  |____| .__|_| |_|_| |_\__, | / / / /
 =========|_|==============|___/=/_/_/_/
 :: Spring Boot ::                (v3.2.0)

2024-01-09T12:16:19.606+09:00  INFO 13492 --- [    Test worker] com.playwith.play.PlayApplicationTests   : Starting PlayApplicationTests using Java 17.0.9 with PID 13492 (started by SBS in C:\Users\SBS\Desktop\work\playwith)
2024-01-09T12:16:19.608+09:00  INFO 13492 --- [    Test worker] com.playwith.play.PlayApplicationTests   : The following 2 profiles are active: "secret", "dev"
2024-01-09T12:16:20.326+09:00  INFO 13492 --- [    Test worker] .s.d.r.c.RepositoryConfigurationDelegate : Bootstrapping Spring Data JPA repositories in DEFAULT mode.
2024-01-09T12:16:20.397+09:00  INFO 13492 --- [    Test worker] .s.d.r.c.RepositoryConfigurationDelegate : Finished Spring Data repository scanning in 66 ms. Found 8 JPA repository interfaces.
2024-01-09T12:16:20.820+09:00  INFO 13492 --- [    Test worker] o.hibernate.jpa.internal.util.LogHelper  : HHH000204: Processing PersistenceUnitInfo [name: default]
2024-01-09T12:16:20.865+09:00  INFO 13492 --- [    Test worker] org.hibernate.Version                    : HHH000412: Hibernate ORM core version 6.3.1.Final
2024-01-09T12:16:20.896+09:00  INFO 13492 --- [    Test worker] o.h.c.internal.RegionFactoryInitiator    : HHH000026: Second-level cache disabled
2024-01-09T12:16:21.073+09:00  INFO 13492 --- [    Test worker] o.s.o.j.p.SpringPersistenceUnitInfo      : No LoadTimeWeaver setup: ignoring JPA class transformer
2024-01-09T12:16:21.095+09:00  INFO 13492 --- [    Test worker] com.zaxxer.hikari.HikariDataSource       : HikariPool-1 - Starting...
2024-01-09T12:16:21.168+09:00  INFO 13492 --- [    Test worker] com.zaxxer.hikari.pool.HikariPool        : HikariPool-1 - Added connection org.mariadb.jdbc.Connection@c87787d
2024-01-09T12:16:21.170+09:00  INFO 13492 --- [    Test worker] com.zaxxer.hikari.HikariDataSource       : HikariPool-1 - Start completed.
2024-01-09T12:16:22.007+09:00  INFO 13492 --- [    Test worker] o.h.e.t.j.p.i.JtaPlatformInitiator       : HHH000489: No JTA platform available (set 'hibernate.transaction.jta.platform' to enable JTA platform integration)
2024-01-09T12:16:22.427+09:00  INFO 13492 --- [    Test worker] j.LocalContainerEntityManagerFactoryBean : Initialized JPA EntityManagerFactory for persistence unit 'default'
2024-01-09T12:16:22.891+09:00  INFO 13492 --- [    Test worker] o.s.d.j.r.query.QueryEnhancerFactory     : Hibernate is in classpath; If applicable, HQL parser will be used.
2024-01-09T12:16:23.338+09:00  WARN 13492 --- [    Test worker] JpaBaseConfiguration$JpaWebConfiguration : spring.jpa.open-in-view is enabled by default. Therefore, database queries may be performed during view rendering. Explicitly configure spring.jpa.open-in-view to disable this warning
2024-01-09T12:16:23.486+09:00  INFO 13492 --- [    Test worker] o.s.b.a.w.s.WelcomePageHandlerMapping    : Adding welcome page template: index
C:\Users\taeng\OneDrive\바탕 화면\work\playwith\src\main\resources\static\
2024-01-09T12:16:23.663+09:00  INFO 13492 --- [    Test worker] o.s.s.web.DefaultSecurityFilterChain     : Will secure any request with [org.springframework.security.web.session.DisableEncodeUrlFilter@93a793a, org.springframework.security.web.context.request.async.WebAsyncManagerIntegrationFilter@232bfb3c, org.springframework.security.web.context.SecurityContextHolderFilter@12bb3666, org.springframework.security.web.header.HeaderWriterFilter@74efc394, org.springframework.web.filter.CorsFilter@69cb296c, org.springframework.security.web.csrf.CsrfFilter@282c3aa0, org.springframework.security.web.authentication.logout.LogoutFilter@f9b97dc, org.springframework.security.oauth2.client.web.OAuth2AuthorizationRequestRedirectFilter@4d0d97bb, org.springframework.security.oauth2.client.web.OAuth2LoginAuthenticationFilter@178cfe5e, org.springframework.security.web.authentication.UsernamePasswordAuthenticationFilter@754acbad, org.springframework.security.web.savedrequest.RequestCacheAwareFilter@1c71d704, org.springframework.security.web.servletapi.SecurityContextHolderAwareRequestFilter@d5d9d92, org.springframework.security.web.authentication.AnonymousAuthenticationFilter@3014c46f, org.springframework.security.web.access.ExceptionTranslationFilter@24a38ef3]
2024-01-09T12:16:23.963+09:00  INFO 13492 --- [    Test worker] com.playwith.play.PlayApplicationTests   : Started PlayApplicationTests in 4.554 seconds (process running for 6.562)
]]></system-out>
  <system-err><![CDATA[]]></system-err>
</testsuite>
